# JRE version: OpenJDK Runtime Environment (8.0_412-b08) (build 1.8.0_412-b08)
# Java VM: OpenJDK 64-Bit Server VM (25.412-b08 mixed mode windows-amd64 compressed oops)
Heap:
 PSYoungGen      total 66048K, used 6729K [0x00000000d8d80000, 0x00000000dd280000, 0x0000000100000000)
  eden space 61440K, 3% used [0x00000000d8d80000,0x00000000d8f928a0,0x00000000dc980000)
  from space 4608K, 99% used [0x00000000dce00000,0x00000000dd27fca0,0x00000000dd280000)
  to   space 4608K, 0% used [0x00000000dc980000,0x00000000dc980000,0x00000000dce00000)
 ParOldGen       total 80896K, used 10259K [0x000000008a800000, 0x000000008f700000, 0x00000000d8d80000)
  object space 80896K, 12% used [0x000000008a800000,0x000000008b204c60,0x000000008f700000)
 Metaspace       used 18921K, capacity 19736K, committed 19968K, reserved 1067008K
  class space    used 2318K, capacity 2513K, committed 2560K, reserved 1048576K
GC Heap History (8 events):
Event: 1.279 GC heap before
{Heap before GC invocations=1 (full 0):
 PSYoungGen      total 35328K, used 30720K [0x00000000d8d80000, 0x00000000db480000, 0x0000000100000000)
  eden space 30720K, 100% used [0x00000000d8d80000,0x00000000dab80000,0x00000000dab80000)
  from space 4608K, 0% used [0x00000000db000000,0x00000000db000000,0x00000000db480000)
  to   space 4608K, 0% used [0x00000000dab80000,0x00000000dab80000,0x00000000db000000)
 ParOldGen       total 80896K, used 0K [0x000000008a800000, 0x000000008f700000, 0x00000000d8d80000)
  object space 80896K, 0% used [0x000000008a800000,0x000000008a800000,0x000000008f700000)
 Metaspace       used 8442K, capacity 8642K, committed 8832K, reserved 1056768K
  class space    used 958K, capacity 1029K, committed 1152K, reserved 1048576K
Event: 1.292 GC heap after
Heap after GC invocations=1 (full 0):
 PSYoungGen      total 35328K, used 4587K [0x00000000d8d80000, 0x00000000db480000, 0x0000000100000000)
  eden space 30720K, 0% used [0x00000000d8d80000,0x00000000d8d80000,0x00000000dab80000)
  from space 4608K, 99% used [0x00000000dab80000,0x00000000daffad40,0x00000000db000000)
  to   space 4608K, 0% used [0x00000000db000000,0x00000000db000000,0x00000000db480000)
 ParOldGen       total 80896K, used 211K [0x000000008a800000, 0x000000008f700000, 0x00000000d8d80000)
  object space 80896K, 0% used [0x000000008a800000,0x000000008a834db8,0x000000008f700000)
 Metaspace       used 8442K, capacity 8642K, committed 8832K, reserved 1056768K
  class space    used 958K, capacity 1029K, committed 1152K, reserved 1048576K
}
Event: 2.403 GC heap before
{Heap before GC invocations=2 (full 0):
 PSYoungGen      total 35328K, used 35307K [0x00000000d8d80000, 0x00000000db480000, 0x0000000100000000)
  eden space 30720K, 100% used [0x00000000d8d80000,0x00000000dab80000,0x00000000dab80000)
  from space 4608K, 99% used [0x00000000dab80000,0x00000000daffad40,0x00000000db000000)
  to   space 4608K, 0% used [0x00000000db000000,0x00000000db000000,0x00000000db480000)
 ParOldGen       total 80896K, used 211K [0x000000008a800000, 0x000000008f700000, 0x00000000d8d80000)
  object space 80896K, 0% used [0x000000008a800000,0x000000008a834db8,0x000000008f700000)
 Metaspace       used 11761K, capacity 12232K, committed 12288K, reserved 1060864K
  class space    used 1394K, capacity 1519K, committed 1536K, reserved 1048576K
Event: 2.434 GC heap after
Heap after GC invocations=2 (full 0):
 PSYoungGen      total 35328K, used 4577K [0x00000000d8d80000, 0x00000000dd280000, 0x0000000100000000)
  eden space 30720K, 0% used [0x00000000d8d80000,0x00000000d8d80000,0x00000000dab80000)
  from space 4608K, 99% used [0x00000000db000000,0x00000000db4785f8,0x00000000db480000)
  to   space 4608K, 0% used [0x00000000dab80000,0x00000000dab80000,0x00000000db000000)
 ParOldGen       total 80896K, used 3740K [0x000000008a800000, 0x000000008f700000, 0x00000000d8d80000)
  object space 80896K, 4% used [0x000000008a800000,0x000000008aba7048,0x000000008f700000)
 Metaspace       used 11761K, capacity 12232K, committed 12288K, reserved 1060864K
  class space    used 1394K, capacity 1519K, committed 1536K, reserved 1048576K
}
Event: 2.935 GC heap before
{Heap before GC invocations=3 (full 0):
 PSYoungGen      total 35328K, used 35297K [0x00000000d8d80000, 0x00000000dd280000, 0x0000000100000000)
  eden space 30720K, 100% used [0x00000000d8d80000,0x00000000dab80000,0x00000000dab80000)
  from space 4608K, 99% used [0x00000000db000000,0x00000000db4785f8,0x00000000db480000)
  to   space 4608K, 0% used [0x00000000dab80000,0x00000000dab80000,0x00000000db000000)
 ParOldGen       total 80896K, used 3740K [0x000000008a800000, 0x000000008f700000, 0x00000000d8d80000)
  object space 80896K, 4% used [0x000000008a800000,0x000000008aba7048,0x000000008f700000)
 Metaspace       used 15530K, capacity 16208K, committed 16384K, reserved 1062912K
  class space    used 1832K, capacity 1991K, committed 2048K, reserved 1048576K
Event: 2.943 GC heap after
Heap after GC invocations=3 (full 0):
 PSYoungGen      total 35328K, used 4601K [0x00000000d8d80000, 0x00000000dd280000, 0x0000000100000000)
  eden space 30720K, 0% used [0x00000000d8d80000,0x00000000d8d80000,0x00000000dab80000)
  from space 4608K, 99% used [0x00000000dab80000,0x00000000daffe6f8,0x00000000db000000)
  to   space 4608K, 0% used [0x00000000dce00000,0x00000000dce00000,0x00000000dd280000)
 ParOldGen       total 80896K, used 6758K [0x000000008a800000, 0x000000008f700000, 0x00000000d8d80000)
  object space 80896K, 8% used [0x000000008a800000,0x000000008ae99948,0x000000008f700000)
 Metaspace       used 15530K, capacity 16208K, committed 16384K, reserved 1062912K
  class space    used 1832K, capacity 1991K, committed 2048K, reserved 1048576K
}
Event: 3.738 GC heap before
{Heap before GC invocations=4 (full 0):
 PSYoungGen      total 35328K, used 35321K [0x00000000d8d80000, 0x00000000dd280000, 0x0000000100000000)
  eden space 30720K, 100% used [0x00000000d8d80000,0x00000000dab80000,0x00000000dab80000)
  from space 4608K, 99% used [0x00000000dab80000,0x00000000daffe6f8,0x00000000db000000)
  to   space 4608K, 0% used [0x00000000dce00000,0x00000000dce00000,0x00000000dd280000)
 ParOldGen       total 80896K, used 6758K [0x000000008a800000, 0x000000008f700000, 0x00000000d8d80000)
  object space 80896K, 8% used [0x000000008a800000,0x000000008ae99948,0x000000008f700000)
 Metaspace       used 18913K, capacity 19672K, committed 19968K, reserved 1067008K
  class space    used 2318K, capacity 2513K, committed 2560K, reserved 1048576K
Event: 3.767 GC heap after
Heap after GC invocations=4 (full 0):
 PSYoungGen      total 66048K, used 4607K [0x00000000d8d80000, 0x00000000dd280000, 0x0000000100000000)
  eden space 61440K, 0% used [0x00000000d8d80000,0x00000000d8d80000,0x00000000dc980000)
  from space 4608K, 99% used [0x00000000dce00000,0x00000000dd27fca0,0x00000000dd280000)
  to   space 4608K, 0% used [0x00000000dc980000,0x00000000dc980000,0x00000000dce00000)
 ParOldGen       total 80896K, used 10259K [0x000000008a800000, 0x000000008f700000, 0x00000000d8d80000)
  object space 80896K, 12% used [0x000000008a800000,0x000000008b204c60,0x000000008f700000)
 Metaspace       used 18913K, capacity 19672K, committed 19968K, reserved 1067008K
  class space    used 2318K, capacity 2513K, committed 2560K, reserved 1048576K
}

