# JRE version: OpenJDK Runtime Environment (8.0_412-b08) (build 1.8.0_412-b08)
# Java VM: OpenJDK 64-Bit Server VM (25.412-b08 mixed mode windows-amd64 compressed oops)
Heap:
 PSYoungGen      total 84480K, used 20587K [0x00000000d8d80000, 0x00000000e0b00000, 0x0000000100000000)
  eden space 75776K, 16% used [0x00000000d8d80000,0x00000000d9985868,0x00000000dd780000)
  from space 8704K, 95% used [0x00000000e0280000,0x00000000e0a95580,0x00000000e0b00000)
  to   space 12800K, 0% used [0x00000000df200000,0x00000000df200000,0x00000000dfe80000)
 ParOldGen       total 90112K, used 17882K [0x000000008a800000, 0x0000000090000000, 0x00000000d8d80000)
  object space 90112K, 19% used [0x000000008a800000,0x000000008b976938,0x0000000090000000)
 Metaspace       used 39703K, capacity 42598K, committed 42840K, reserved 1087488K
  class space    used 5194K, capacity 5702K, committed 5760K, reserved 1048576K
GC Heap History (10 events):
Event: 5.150 GC heap before
{Heap before GC invocations=8 (full 1):
 PSYoungGen      total 53248K, used 52885K [0x00000000d8d80000, 0x00000000dd700000, 0x0000000100000000)
  eden space 49152K, 100% used [0x00000000d8d80000,0x00000000dbd80000,0x00000000dbd80000)
  from space 4096K, 91% used [0x00000000dd300000,0x00000000dd6a5418,0x00000000dd700000)
  to   space 9728K, 0% used [0x00000000dc400000,0x00000000dc400000,0x00000000dcd80000)
 ParOldGen       total 53760K, used 5477K [0x000000008a800000, 0x000000008dc80000, 0x00000000d8d80000)
  object space 53760K, 10% used [0x000000008a800000,0x000000008ad59700,0x000000008dc80000)
 Metaspace       used 24202K, capacity 25420K, committed 25728K, reserved 1071104K
  class space    used 3051K, capacity 3333K, committed 3456K, reserved 1048576K
Event: 5.155 GC heap after
Heap after GC invocations=8 (full 1):
 PSYoungGen      total 65536K, used 4850K [0x00000000d8d80000, 0x00000000ded00000, 0x0000000100000000)
  eden space 55808K, 0% used [0x00000000d8d80000,0x00000000d8d80000,0x00000000dc400000)
  from space 9728K, 49% used [0x00000000dc400000,0x00000000dc8bc860,0x00000000dcd80000)
  to   space 9728K, 0% used [0x00000000de380000,0x00000000de380000,0x00000000ded00000)
 ParOldGen       total 53760K, used 5485K [0x000000008a800000, 0x000000008dc80000, 0x00000000d8d80000)
  object space 53760K, 10% used [0x000000008a800000,0x000000008ad5b700,0x000000008dc80000)
 Metaspace       used 24202K, capacity 25420K, committed 25728K, reserved 1071104K
  class space    used 3051K, capacity 3333K, committed 3456K, reserved 1048576K
}
Event: 5.889 GC heap before
{Heap before GC invocations=9 (full 1):
 PSYoungGen      total 65536K, used 60658K [0x00000000d8d80000, 0x00000000ded00000, 0x0000000100000000)
  eden space 55808K, 100% used [0x00000000d8d80000,0x00000000dc400000,0x00000000dc400000)
  from space 9728K, 49% used [0x00000000dc400000,0x00000000dc8bc860,0x00000000dcd80000)
  to   space 9728K, 0% used [0x00000000de380000,0x00000000de380000,0x00000000ded00000)
 ParOldGen       total 53760K, used 5485K [0x000000008a800000, 0x000000008dc80000, 0x00000000d8d80000)
  object space 53760K, 10% used [0x000000008a800000,0x000000008ad5b700,0x000000008dc80000)
 Metaspace       used 28150K, capacity 29720K, committed 29824K, reserved 1075200K
  class space    used 3622K, capacity 3909K, committed 3968K, reserved 1048576K
Event: 5.901 GC heap after
Heap after GC invocations=9 (full 1):
 PSYoungGen      total 87552K, used 8472K [0x00000000d8d80000, 0x00000000dfa80000, 0x0000000100000000)
  eden space 77824K, 0% used [0x00000000d8d80000,0x00000000d8d80000,0x00000000dd980000)
  from space 9728K, 87% used [0x00000000de380000,0x00000000debc6278,0x00000000ded00000)
  to   space 10240K, 0% used [0x00000000dd980000,0x00000000dd980000,0x00000000de380000)
 ParOldGen       total 53760K, used 5493K [0x000000008a800000, 0x000000008dc80000, 0x00000000d8d80000)
  object space 53760K, 10% used [0x000000008a800000,0x000000008ad5d700,0x000000008dc80000)
 Metaspace       used 28150K, capacity 29720K, committed 29824K, reserved 1075200K
  class space    used 3622K, capacity 3909K, committed 3968K, reserved 1048576K
}
Event: 7.015 GC heap before
{Heap before GC invocations=10 (full 1):
 PSYoungGen      total 87552K, used 84667K [0x00000000d8d80000, 0x00000000dfa80000, 0x0000000100000000)
  eden space 77824K, 97% used [0x00000000d8d80000,0x00000000dd7e8a08,0x00000000dd980000)
  from space 9728K, 87% used [0x00000000de380000,0x00000000debc6278,0x00000000ded00000)
  to   space 10240K, 0% used [0x00000000dd980000,0x00000000dd980000,0x00000000de380000)
 ParOldGen       total 53760K, used 5493K [0x000000008a800000, 0x000000008dc80000, 0x00000000d8d80000)
  object space 53760K, 10% used [0x000000008a800000,0x000000008ad5d700,0x000000008dc80000)
 Metaspace       used 33261K, capacity 35358K, committed 35416K, reserved 1079296K
  class space    used 4301K, capacity 4692K, committed 4736K, reserved 1048576K
Event: 7.024 GC heap after
Heap after GC invocations=10 (full 1):
 PSYoungGen      total 88064K, used 10229K [0x00000000d8d80000, 0x00000000e0f00000, 0x0000000100000000)
  eden space 77824K, 0% used [0x00000000d8d80000,0x00000000d8d80000,0x00000000dd980000)
  from space 10240K, 99% used [0x00000000dd980000,0x00000000de37d5a8,0x00000000de380000)
  to   space 12800K, 0% used [0x00000000e0280000,0x00000000e0280000,0x00000000e0f00000)
 ParOldGen       total 53760K, used 9076K [0x000000008a800000, 0x000000008dc80000, 0x00000000d8d80000)
  object space 53760K, 16% used [0x000000008a800000,0x000000008b0dd1c8,0x000000008dc80000)
 Metaspace       used 33261K, capacity 35358K, committed 35416K, reserved 1079296K
  class space    used 4301K, capacity 4692K, committed 4736K, reserved 1048576K
}
Event: 7.024 GC heap before
{Heap before GC invocations=11 (full 2):
 PSYoungGen      total 88064K, used 10229K [0x00000000d8d80000, 0x00000000e0f00000, 0x0000000100000000)
  eden space 77824K, 0% used [0x00000000d8d80000,0x00000000d8d80000,0x00000000dd980000)
  from space 10240K, 99% used [0x00000000dd980000,0x00000000de37d5a8,0x00000000de380000)
  to   space 12800K, 0% used [0x00000000e0280000,0x00000000e0280000,0x00000000e0f00000)
 ParOldGen       total 53760K, used 9076K [0x000000008a800000, 0x000000008dc80000, 0x00000000d8d80000)
  object space 53760K, 16% used [0x000000008a800000,0x000000008b0dd1c8,0x000000008dc80000)
 Metaspace       used 33261K, capacity 35358K, committed 35416K, reserved 1079296K
  class space    used 4301K, capacity 4692K, committed 4736K, reserved 1048576K
Event: 7.075 GC heap after
Heap after GC invocations=11 (full 2):
 PSYoungGen      total 88064K, used 0K [0x00000000d8d80000, 0x00000000e0f00000, 0x0000000100000000)
  eden space 77824K, 0% used [0x00000000d8d80000,0x00000000d8d80000,0x00000000dd980000)
  from space 10240K, 0% used [0x00000000dd980000,0x00000000dd980000,0x00000000de380000)
  to   space 12800K, 0% used [0x00000000e0280000,0x00000000e0280000,0x00000000e0f00000)
 ParOldGen       total 90112K, used 17874K [0x000000008a800000, 0x0000000090000000, 0x00000000d8d80000)
  object space 90112K, 19% used [0x000000008a800000,0x000000008b974938,0x0000000090000000)
 Metaspace       used 33261K, capacity 35358K, committed 35416K, reserved 1079296K
  class space    used 4301K, capacity 4692K, committed 4736K, reserved 1048576K
}
Event: 523.687 GC heap before
{Heap before GC invocations=12 (full 2):
 PSYoungGen      total 88064K, used 77824K [0x00000000d8d80000, 0x00000000e0f00000, 0x0000000100000000)
  eden space 77824K, 100% used [0x00000000d8d80000,0x00000000dd980000,0x00000000dd980000)
  from space 10240K, 0% used [0x00000000dd980000,0x00000000dd980000,0x00000000de380000)
  to   space 12800K, 0% used [0x00000000e0280000,0x00000000e0280000,0x00000000e0f00000)
 ParOldGen       total 90112K, used 17874K [0x000000008a800000, 0x0000000090000000, 0x00000000d8d80000)
  object space 90112K, 19% used [0x000000008a800000,0x000000008b974938,0x0000000090000000)
 Metaspace       used 39646K, capacity 42534K, committed 42840K, reserved 1087488K
  class space    used 5194K, capacity 5702K, committed 5760K, reserved 1048576K
Event: 523.763 GC heap after
Heap after GC invocations=12 (full 2):
 PSYoungGen      total 84480K, used 8277K [0x00000000d8d80000, 0x00000000e0b00000, 0x0000000100000000)
  eden space 75776K, 0% used [0x00000000d8d80000,0x00000000d8d80000,0x00000000dd780000)
  from space 8704K, 95% used [0x00000000e0280000,0x00000000e0a95580,0x00000000e0b00000)
  to   space 12800K, 0% used [0x00000000df200000,0x00000000df200000,0x00000000dfe80000)
 ParOldGen       total 90112K, used 17882K [0x000000008a800000, 0x0000000090000000, 0x00000000d8d80000)
  object space 90112K, 19% used [0x000000008a800000,0x000000008b976938,0x0000000090000000)
 Metaspace       used 39646K, capacity 42534K, committed 42840K, reserved 1087488K
  class space    used 5194K, capacity 5702K, committed 5760K, reserved 1048576K
}

