# JRE version: OpenJDK Runtime Environment (8.0_412-b08) (build 1.8.0_412-b08)
# Java VM: OpenJDK 64-Bit Server VM (25.412-b08 mixed mode windows-amd64 compressed oops)
Heap:
 PSYoungGen      total 199680K, used 21396K [0x00000000d8d80000, 0x00000000e6d00000, 0x0000000100000000)
  eden space 185856K, 11% used [0x00000000d8d80000,0x00000000da2651c0,0x00000000e4300000)
  from space 13824K, 0% used [0x00000000e5300000,0x00000000e5300000,0x00000000e6080000)
  to   space 16384K, 0% used [0x00000000e4300000,0x00000000e4300000,0x00000000e5300000)
 ParOldGen       total 93696K, used 18759K [0x000000008a800000, 0x0000000090380000, 0x00000000d8d80000)
  object space 93696K, 20% used [0x000000008a800000,0x000000008ba51d70,0x0000000090380000)
 Metaspace       used 34648K, capacity 36927K, committed 37032K, reserved 1081344K
  class space    used 4516K, capacity 4920K, committed 4992K, reserved 1048576K
GC Heap History (10 events):
Event: 2.886 GC heap before
{Heap before GC invocations=4 (full 0):
 PSYoungGen      total 66048K, used 22291K [0x00000000d8d80000, 0x00000000e0e80000, 0x0000000100000000)
  eden space 61440K, 28% used [0x00000000d8d80000,0x00000000d9ecc480,0x00000000dc980000)
  from space 4608K, 99% used [0x00000000dc980000,0x00000000dcdf87f8,0x00000000dce00000)
  to   space 4608K, 0% used [0x00000000e0a00000,0x00000000e0a00000,0x00000000e0e80000)
 ParOldGen       total 80896K, used 10333K [0x000000008a800000, 0x000000008f700000, 0x00000000d8d80000)
  object space 80896K, 12% used [0x000000008a800000,0x000000008b217500,0x000000008f700000)
 Metaspace       used 20336K, capacity 21220K, committed 21296K, reserved 1069056K
  class space    used 2547K, capacity 2775K, committed 2816K, reserved 1048576K
Event: 2.891 GC heap after
Heap after GC invocations=4 (full 0):
 PSYoungGen      total 127488K, used 4591K [0x00000000d8d80000, 0x00000000e0e80000, 0x0000000100000000)
  eden space 122880K, 0% used [0x00000000d8d80000,0x00000000d8d80000,0x00000000e0580000)
  from space 4608K, 99% used [0x00000000e0a00000,0x00000000e0e7bc90,0x00000000e0e80000)
  to   space 4608K, 0% used [0x00000000e0580000,0x00000000e0580000,0x00000000e0a00000)
 ParOldGen       total 80896K, used 11786K [0x000000008a800000, 0x000000008f700000, 0x00000000d8d80000)
  object space 80896K, 14% used [0x000000008a800000,0x000000008b382ab8,0x000000008f700000)
 Metaspace       used 20336K, capacity 21220K, committed 21296K, reserved 1069056K
  class space    used 2547K, capacity 2775K, committed 2816K, reserved 1048576K
}
Event: 2.891 GC heap before
{Heap before GC invocations=5 (full 1):
 PSYoungGen      total 127488K, used 4591K [0x00000000d8d80000, 0x00000000e0e80000, 0x0000000100000000)
  eden space 122880K, 0% used [0x00000000d8d80000,0x00000000d8d80000,0x00000000e0580000)
  from space 4608K, 99% used [0x00000000e0a00000,0x00000000e0e7bc90,0x00000000e0e80000)
  to   space 4608K, 0% used [0x00000000e0580000,0x00000000e0580000,0x00000000e0a00000)
 ParOldGen       total 80896K, used 11786K [0x000000008a800000, 0x000000008f700000, 0x00000000d8d80000)
  object space 80896K, 14% used [0x000000008a800000,0x000000008b382ab8,0x000000008f700000)
 Metaspace       used 20336K, capacity 21220K, committed 21296K, reserved 1069056K
  class space    used 2547K, capacity 2775K, committed 2816K, reserved 1048576K
Event: 2.921 GC heap after
Heap after GC invocations=5 (full 1):
 PSYoungGen      total 127488K, used 0K [0x00000000d8d80000, 0x00000000e0e80000, 0x0000000100000000)
  eden space 122880K, 0% used [0x00000000d8d80000,0x00000000d8d80000,0x00000000e0580000)
  from space 4608K, 0% used [0x00000000e0a00000,0x00000000e0a00000,0x00000000e0e80000)
  to   space 4608K, 0% used [0x00000000e0580000,0x00000000e0580000,0x00000000e0a00000)
 ParOldGen       total 57344K, used 5610K [0x000000008a800000, 0x000000008e000000, 0x00000000d8d80000)
  object space 57344K, 9% used [0x000000008a800000,0x000000008ad7aa58,0x000000008e000000)
 Metaspace       used 20336K, capacity 21220K, committed 21296K, reserved 1069056K
  class space    used 2547K, capacity 2775K, committed 2816K, reserved 1048576K
}
Event: 4.613 GC heap before
{Heap before GC invocations=6 (full 1):
 PSYoungGen      total 127488K, used 122880K [0x00000000d8d80000, 0x00000000e0e80000, 0x0000000100000000)
  eden space 122880K, 100% used [0x00000000d8d80000,0x00000000e0580000,0x00000000e0580000)
  from space 4608K, 0% used [0x00000000e0a00000,0x00000000e0a00000,0x00000000e0e80000)
  to   space 4608K, 0% used [0x00000000e0580000,0x00000000e0580000,0x00000000e0a00000)
 ParOldGen       total 57344K, used 5610K [0x000000008a800000, 0x000000008e000000, 0x00000000d8d80000)
  object space 57344K, 9% used [0x000000008a800000,0x000000008ad7aa58,0x000000008e000000)
 Metaspace       used 27026K, capacity 28320K, committed 28672K, reserved 1075200K
  class space    used 3452K, capacity 3737K, committed 3840K, reserved 1048576K
Event: 4.623 GC heap after
Heap after GC invocations=6 (full 1):
 PSYoungGen      total 127488K, used 4576K [0x00000000d8d80000, 0x00000000e6080000, 0x0000000100000000)
  eden space 122880K, 0% used [0x00000000d8d80000,0x00000000d8d80000,0x00000000e0580000)
  from space 4608K, 99% used [0x00000000e0580000,0x00000000e09f8298,0x00000000e0a00000)
  to   space 13824K, 0% used [0x00000000e5300000,0x00000000e5300000,0x00000000e6080000)
 ParOldGen       total 57344K, used 11980K [0x000000008a800000, 0x000000008e000000, 0x00000000d8d80000)
  object space 57344K, 20% used [0x000000008a800000,0x000000008b3b3360,0x000000008e000000)
 Metaspace       used 27026K, capacity 28320K, committed 28672K, reserved 1075200K
  class space    used 3452K, capacity 3737K, committed 3840K, reserved 1048576K
}
Event: 6.275 GC heap before
{Heap before GC invocations=7 (full 1):
 PSYoungGen      total 127488K, used 95782K [0x00000000d8d80000, 0x00000000e6080000, 0x0000000100000000)
  eden space 122880K, 74% used [0x00000000d8d80000,0x00000000de6916b0,0x00000000e0580000)
  from space 4608K, 99% used [0x00000000e0580000,0x00000000e09f8298,0x00000000e0a00000)
  to   space 13824K, 0% used [0x00000000e5300000,0x00000000e5300000,0x00000000e6080000)
 ParOldGen       total 57344K, used 11980K [0x000000008a800000, 0x000000008e000000, 0x00000000d8d80000)
  object space 57344K, 20% used [0x000000008a800000,0x000000008b3b3360,0x000000008e000000)
 Metaspace       used 33348K, capacity 35459K, committed 35496K, reserved 1081344K
  class space    used 4318K, capacity 4699K, committed 4736K, reserved 1048576K
Event: 6.318 GC heap after
Heap after GC invocations=7 (full 1):
 PSYoungGen      total 199680K, used 13812K [0x00000000d8d80000, 0x00000000e6d00000, 0x0000000100000000)
  eden space 185856K, 0% used [0x00000000d8d80000,0x00000000d8d80000,0x00000000e4300000)
  from space 13824K, 99% used [0x00000000e5300000,0x00000000e607d290,0x00000000e6080000)
  to   space 16384K, 0% used [0x00000000e4300000,0x00000000e4300000,0x00000000e5300000)
 ParOldGen       total 57344K, used 12938K [0x000000008a800000, 0x000000008e000000, 0x00000000d8d80000)
  object space 57344K, 22% used [0x000000008a800000,0x000000008b4a2a08,0x000000008e000000)
 Metaspace       used 33348K, capacity 35459K, committed 35496K, reserved 1081344K
  class space    used 4318K, capacity 4699K, committed 4736K, reserved 1048576K
}
Event: 6.318 GC heap before
{Heap before GC invocations=8 (full 2):
 PSYoungGen      total 199680K, used 13812K [0x00000000d8d80000, 0x00000000e6d00000, 0x0000000100000000)
  eden space 185856K, 0% used [0x00000000d8d80000,0x00000000d8d80000,0x00000000e4300000)
  from space 13824K, 99% used [0x00000000e5300000,0x00000000e607d290,0x00000000e6080000)
  to   space 16384K, 0% used [0x00000000e4300000,0x00000000e4300000,0x00000000e5300000)
 ParOldGen       total 57344K, used 12938K [0x000000008a800000, 0x000000008e000000, 0x00000000d8d80000)
  object space 57344K, 22% used [0x000000008a800000,0x000000008b4a2a08,0x000000008e000000)
 Metaspace       used 33348K, capacity 35459K, committed 35496K, reserved 1081344K
  class space    used 4318K, capacity 4699K, committed 4736K, reserved 1048576K
Event: 6.384 GC heap after
Heap after GC invocations=8 (full 2):
 PSYoungGen      total 199680K, used 0K [0x00000000d8d80000, 0x00000000e6d00000, 0x0000000100000000)
  eden space 185856K, 0% used [0x00000000d8d80000,0x00000000d8d80000,0x00000000e4300000)
  from space 13824K, 0% used [0x00000000e5300000,0x00000000e5300000,0x00000000e6080000)
  to   space 16384K, 0% used [0x00000000e4300000,0x00000000e4300000,0x00000000e5300000)
 ParOldGen       total 93696K, used 18759K [0x000000008a800000, 0x0000000090380000, 0x00000000d8d80000)
  object space 93696K, 20% used [0x000000008a800000,0x000000008ba51d70,0x0000000090380000)
 Metaspace       used 33348K, capacity 35459K, committed 35496K, reserved 1081344K
  class space    used 4318K, capacity 4699K, committed 4736K, reserved 1048576K
}

